<?xml version='1.0' encoding='UTF-8'?>
<testsuite hostname="Titankrot" name="controllers.HomeControllerSpec" tests="3" errors="0" failures="0" skipped="0" time="4.379" timestamp="2022-02-22T15:24:41">
          <properties>
[...]
</properties>
          <testcase classname="controllers.HomeControllerSpec" name="HomeController GET should render the index page from a new instance of controller" time="3.354">
                      
                    </testcase><testcase classname="controllers.HomeControllerSpec" name="HomeController GET should render the index page from the application" time="0.388">
                      
                    </testcase><testcase classname="controllers.HomeControllerSpec" name="HomeController GET should render the index page from the router" time="0.637">
                      
                    </testcase>
          <system-out><![CDATA[]]></system-out>
          <system-err><![CDATA[]]></system-err>
        </testsuite>